c:\users\иван\yandexdisk\инста\7 семестр\7 семестр. защита информации\контрольная\выполнение\мой bbs\мой bbs\debug\мой bbs.pch
c:\users\иван\yandexdisk\инста\7 семестр\7 семестр. защита информации\контрольная\выполнение\мой bbs\мой bbs\debug\vc120.pdb
c:\users\иван\yandexdisk\инста\7 семестр\7 семестр. защита информации\контрольная\выполнение\мой bbs\мой bbs\debug\vc120.idb
c:\users\иван\yandexdisk\инста\7 семестр\7 семестр. защита информации\контрольная\выполнение\мой bbs\мой bbs\debug\stdafx.obj
c:\users\иван\yandexdisk\инста\7 семестр\7 семестр. защита информации\контрольная\выполнение\мой bbs\мой bbs\debug\мой bbs.obj
c:\users\иван\yandexdisk\инста\7 семестр\7 семестр. защита информации\контрольная\выполнение\cache\мой bbs\мой bbs\debug\мой bbs.pch
c:\users\иван\yandexdisk\инста\7 семестр\7 семестр. защита информации\контрольная\выполнение\cache\мой bbs\мой bbs\debug\vc120.pdb
c:\users\иван\yandexdisk\инста\7 семестр\7 семестр. защита информации\контрольная\выполнение\cache\мой bbs\мой bbs\debug\vc120.idb
c:\users\иван\yandexdisk\инста\7 семестр\7 семестр. защита информации\контрольная\выполнение\cache\мой bbs\мой bbs\debug\stdafx.obj
c:\users\иван\yandexdisk\инста\7 семестр\7 семестр. защита информации\контрольная\выполнение\cache\мой bbs\мой bbs\debug\мой bbs.obj
c:\users\иван\yandexdisk\инста\7 семестр\7 семестр. защита информации\контрольная\выполнение\мой bbs\debug\мой bbs.ilk
c:\users\иван\yandexdisk\инста\7 семестр\7 семестр. защита информации\контрольная\выполнение\мой bbs\debug\мой bbs.exe
c:\users\иван\yandexdisk\инста\7 семестр\7 семестр. защита информации\контрольная\выполнение\мой bbs\debug\мой bbs.pdb
c:\users\иван\yandexdisk\инста\7 семестр\7 семестр. защита информации\контрольная\выполнение\cache\мой bbs\debug\мой bbs.ilk
c:\users\иван\yandexdisk\инста\7 семестр\7 семестр. защита информации\контрольная\выполнение\cache\мой bbs\debug\мой bbs.exe
c:\users\иван\yandexdisk\инста\7 семестр\7 семестр. защита информации\контрольная\выполнение\cache\мой bbs\debug\мой bbs.pdb
c:\users\иван\yandexdisk\инста\7 семестр\7 семестр. защита информации\контрольная\выполнение\cache\мой bbs\мой bbs\debug\мой bbs.tlog\cl.command.1.tlog
c:\users\иван\yandexdisk\инста\7 семестр\7 семестр. защита информации\контрольная\выполнение\cache\мой bbs\мой bbs\debug\мой bbs.tlog\cl.read.1.tlog
c:\users\иван\yandexdisk\инста\7 семестр\7 семестр. защита информации\контрольная\выполнение\cache\мой bbs\мой bbs\debug\мой bbs.tlog\cl.write.1.tlog
c:\users\иван\yandexdisk\инста\7 семестр\7 семестр. защита информации\контрольная\выполнение\cache\мой bbs\мой bbs\debug\мой bbs.tlog\link.command.1.tlog
c:\users\иван\yandexdisk\инста\7 семестр\7 семестр. защита информации\контрольная\выполнение\cache\мой bbs\мой bbs\debug\мой bbs.tlog\link.read.1.tlog
c:\users\иван\yandexdisk\инста\7 семестр\7 семестр. защита информации\контрольная\выполнение\cache\мой bbs\мой bbs\debug\мой bbs.tlog\link.write.1.tlog
